[0mCompiling "resources/public/js/compiled/app.js" from ["src/cljs"]...[0m
[32mSuccessfully compiled "resources/public/js/compiled/app.js" in 0.598 seconds.[0m
notifying browser that file changed:  resources/public/js/compiled/out/goog/deps.js
notifying browser that file changed:  resources/public/js/compiled/out/cljs_deps.js
notifying browser that file changed:  out/frontend/core.js
[0mCompiling "resources/public/js/compiled/app.js" from ["src/cljs"]...[0m
[32mSuccessfully compiled "resources/public/js/compiled/app.js" in 0.577 seconds.[0m
notifying browser that file changed:  resources/public/js/compiled/out/cljs_deps.js
notifying browser that file changed:  out/frontend/subs.js
[0mCompiling "resources/public/js/compiled/app.js" from ["src/cljs"]...[0m
[32mSuccessfully compiled "resources/public/js/compiled/app.js" in 0.659 seconds.[0m
notifying browser that file changed:  resources/public/js/compiled/out/cljs_deps.js
notifying browser that file changed:  out/frontend/views.js
[0mCompiling "resources/public/js/compiled/app.js" from ["src/cljs"]...[0m
[32mSuccessfully compiled "resources/public/js/compiled/app.js" in 0.659 seconds.[0m
notifying browser that file changed:  resources/public/js/compiled/out/cljs_deps.js
notifying browser that file changed:  out/frontend/views.js
[0mCompiling "resources/public/js/compiled/app.js" from ["src/cljs"]...[0m
[32mSuccessfully compiled "resources/public/js/compiled/app.js" in 0.515 seconds.[0m
notifying browser that file changed:  resources/public/js/compiled/out/cljs_deps.js
notifying browser that file changed:  out/frontend/views.js
[0mCompiling "resources/public/js/compiled/app.js" from ["src/cljs"]...[0m
[32mSuccessfully compiled "resources/public/js/compiled/app.js" in 0.503 seconds.[0m
notifying browser that file changed:  resources/public/js/compiled/out/cljs_deps.js
notifying browser that file changed:  out/frontend/views.js
[0mCompiling "resources/public/js/compiled/app.js" from ["src/cljs"]...[0m
[32mSuccessfully compiled "resources/public/js/compiled/app.js" in 0.624 seconds.[0m
notifying browser that file changed:  resources/public/js/compiled/out/cljs_deps.js
notifying browser that file changed:  out/frontend/views.js
[0mCompiling "resources/public/js/compiled/app.js" from ["src/cljs"]...[0m
[32mSuccessfully compiled "resources/public/js/compiled/app.js" in 0.648 seconds.[0m
notifying browser that file changed:  resources/public/js/compiled/out/cljs_deps.js
notifying browser that file changed:  out/frontend/views.js
[0mCompiling "resources/public/js/compiled/app.js" from ["src/cljs"]...[0m
[32mSuccessfully compiled "resources/public/js/compiled/app.js" in 0.627 seconds.[0m
notifying browser that file changed:  resources/public/js/compiled/out/cljs_deps.js
notifying browser that file changed:  out/frontend/views.js
[0mCompiling "resources/public/js/compiled/app.js" from ["src/cljs"]...[0m
[32mSuccessfully compiled "resources/public/js/compiled/app.js" in 0.628 seconds.[0m
notifying browser that file changed:  resources/public/js/compiled/out/cljs_deps.js
notifying browser that file changed:  out/frontend/views.js
[0mCompiling "resources/public/js/compiled/app.js" from ["src/cljs"]...[0m
[32mSuccessfully compiled "resources/public/js/compiled/app.js" in 0.791 seconds.[0m
notifying browser that file changed:  resources/public/js/compiled/out/cljs_deps.js
notifying browser that file changed:  out/frontend/views.js
[0mCompiling "resources/public/js/compiled/app.js" from ["src/cljs"]...[0m
[32mSuccessfully compiled "resources/public/js/compiled/app.js" in 0.52 seconds.[0m
notifying browser that file changed:  resources/public/js/compiled/out/cljs_deps.js
notifying browser that file changed:  out/frontend/events.js
[0mCompiling "resources/public/js/compiled/app.js" from ["src/cljs"]...[0m
[32mSuccessfully compiled "resources/public/js/compiled/app.js" in 0.987 seconds.[0m
notifying browser that file changed:  resources/public/js/compiled/out/cljs_deps.js
notifying browser that file changed:  out/frontend/views.js
[0mCompiling "resources/public/js/compiled/app.js" from ["src/cljs"]...[0m
[32mSuccessfully compiled "resources/public/js/compiled/app.js" in 0.675 seconds.[0m
notifying browser that file changed:  resources/public/js/compiled/out/cljs_deps.js
notifying browser that file changed:  out/frontend/views.js
[0mCompiling "resources/public/js/compiled/app.js" from ["src/cljs"]...[0m
[32mSuccessfully compiled "resources/public/js/compiled/app.js" in 0.851 seconds.[0m
notifying browser that file changed:  resources/public/js/compiled/out/cljs_deps.js
notifying browser that file changed:  out/frontend/events.js
[0mCompiling "resources/public/js/compiled/app.js" from ["src/cljs"]...[0m
[31mFailed to compile "resources/public/js/compiled/app.js" in 0.562 seconds.[0m
[36m----  Could not Analyze  src/cljs/frontend/events.cljs   line:18  column:39  ----[0m

  [1mWrong number of args (2) passed to: core/inc[0m

  [36m16[0m  [36m  :inc-tile-size[0m
  [36m17[0m  [36m  (fn [db][0m
  [33m18[0m  [1m    (update-in db [:game :tile-size] #(inc % 10))))[0m
  [0m  [0m  [33m                                      ^--- Wrong number of args (2) passed to: core/inc[0m
  [36m19[0m  [36m[0m
  [36m20[0m  [36m(re-frame/reg-event-db[0m
  [36m21[0m  [36m  :dec-tile-size[0m

[36m----  Analysis Error : Please see src/cljs/frontend/events.cljs  ----[0m
[0mCompiling "resources/public/js/compiled/app.js" from ["src/cljs"]...[0m
[32mSuccessfully compiled "resources/public/js/compiled/app.js" in 1.072 seconds.[0m
notifying browser that file changed:  resources/public/js/compiled/out/cljs_deps.js
notifying browser that file changed:  out/frontend/events.js
[0mCompiling "resources/public/js/compiled/app.js" from ["src/cljs"]...[0m
[32mSuccessfully compiled "resources/public/js/compiled/app.js" in 0.668 seconds.[0m
notifying browser that file changed:  resources/public/js/compiled/out/cljs_deps.js
notifying browser that file changed:  out/frontend/events.js
[0mCompiling "resources/public/js/compiled/app.js" from ["src/cljs"]...[0m
[32mSuccessfully compiled "resources/public/js/compiled/app.js" in 2.345 seconds.[0m
notifying browser that file changed:  resources/public/js/compiled/out/cljs_deps.js
notifying browser that file changed:  out/frontend/views.js
[0mCompiling "resources/public/js/compiled/app.js" from ["src/cljs"]...[0m
[32mSuccessfully compiled "resources/public/js/compiled/app.js" in 1.041 seconds.[0m
notifying browser that file changed:  resources/public/js/compiled/out/goog/deps.js
notifying browser that file changed:  resources/public/js/compiled/out/cljs_deps.js
notifying browser that file changed:  out/frontend/views.js
[0mCompiling "resources/public/js/compiled/app.js" from ["src/cljs"]...[0m
[32mSuccessfully compiled "resources/public/js/compiled/app.js" in 0.959 seconds.[0m
notifying browser that file changed:  resources/public/js/compiled/out/cljs_deps.js
notifying browser that file changed:  out/frontend/views.js
[0mCompiling "resources/public/js/compiled/app.js" from ["src/cljs"]...[0m
[32mSuccessfully compiled "resources/public/js/compiled/app.js" in 1.096 seconds.[0m
notifying browser that file changed:  resources/public/js/compiled/out/cljs_deps.js
notifying browser that file changed:  out/frontend/views.js
[0mCompiling "resources/public/js/compiled/app.js" from ["src/cljs"]...[0m
[32mSuccessfully compiled "resources/public/js/compiled/app.js" in 0.737 seconds.[0m
notifying browser that file changed:  resources/public/js/compiled/out/cljs_deps.js
notifying browser that file changed:  out/frontend/views.js
[0mCompiling "resources/public/js/compiled/app.js" from ["src/cljs"]...[0m
[36m----  Compiler Warning on   src/cljs/frontend/views.cljs   line:41  column:21  ----[0m

  [1mUse of undeclared Var frontend.views/tile-size[0m

  [36m37[0m  [36m        y-dimension (second @game-dimensions)][0m
  [36m38[0m  [36m      [:div {:style {:position "absolute"}}[0m
  [36m39[0m  [36m       (for [x (range x-dimension)[0m
  [36m40[0m  [36m             y (range y-dimension)][0m
  [33m41[0m  [1m         [tile x y @tile-size])]))[0m
  [0m  [0m  [33m                    ^--- Use of undeclared Var frontend.views/tile-size[0m
  [36m42[0m  [36m[0m
  [36m43[0m  [36m[0m
  [36m44[0m  [36m;; home[0m
  [36m45[0m  [36m[0m
  [36m46[0m  [36m(defn home-panel [][0m

[36m----  Compiler Warning : Please see src/cljs/frontend/views.cljs  ----[0m
[36m----  Compiler Warning on   src/cljs/frontend/views.cljs   line:41  column:21  ----[0m

  [1mUse of undeclared Var frontend.views/tile-size[0m

  [36m37[0m  [36m        y-dimension (second @game-dimensions)][0m
  [36m38[0m  [36m      [:div {:style {:position "absolute"}}[0m
  [36m39[0m  [36m       (for [x (range x-dimension)[0m
  [36m40[0m  [36m             y (range y-dimension)][0m
  [33m41[0m  [1m         [tile x y @tile-size])]))[0m
  [0m  [0m  [33m                    ^--- Use of undeclared Var frontend.views/tile-size[0m
  [36m42[0m  [36m[0m
  [36m43[0m  [36m[0m
  [36m44[0m  [36m;; home[0m
  [36m45[0m  [36m[0m
  [36m46[0m  [36m(defn home-panel [][0m

[36m----  Compiler Warning : Please see src/cljs/frontend/views.cljs  ----[0m
[32mSuccessfully compiled "resources/public/js/compiled/app.js" in 0.881 seconds.[0m
notifying browser that file changed:  resources/public/js/compiled/out/cljs_deps.js
notifying browser that file changed:  out/frontend/views.js
[0mCompiling "resources/public/js/compiled/app.js" from ["src/cljs"]...[0m
[32mSuccessfully compiled "resources/public/js/compiled/app.js" in 0.529 seconds.[0m
notifying browser that file changed:  resources/public/js/compiled/out/cljs_deps.js
notifying browser that file changed:  out/frontend/views.js
[0mCompiling "resources/public/js/compiled/app.js" from ["src/cljs"]...[0m
[32mSuccessfully compiled "resources/public/js/compiled/app.js" in 0.857 seconds.[0m
notifying browser that file changed:  resources/public/js/compiled/out/cljs_deps.js
notifying browser that file changed:  out/frontend/views.js
[0mCompiling "resources/public/js/compiled/app.js" from ["src/cljs"]...[0m
[32mSuccessfully compiled "resources/public/js/compiled/app.js" in 0.86 seconds.[0m
notifying browser that file changed:  resources/public/js/compiled/out/cljs_deps.js
notifying browser that file changed:  out/frontend/views.js
[0mCompiling "resources/public/js/compiled/app.js" from ["src/cljs"]...[0m
[32mSuccessfully compiled "resources/public/js/compiled/app.js" in 1.067 seconds.[0m
notifying browser that file changed:  resources/public/js/compiled/out/cljs_deps.js
notifying browser that file changed:  out/frontend/views.js
[0mCompiling "resources/public/js/compiled/app.js" from ["src/cljs"]...[0m
[32mSuccessfully compiled "resources/public/js/compiled/app.js" in 0.768 seconds.[0m
notifying browser that file changed:  resources/public/js/compiled/out/cljs_deps.js
notifying browser that file changed:  out/frontend/views.js
[0mCompiling "resources/public/js/compiled/app.js" from ["src/cljs"]...[0m
[32mSuccessfully compiled "resources/public/js/compiled/app.js" in 0.682 seconds.[0m
notifying browser that file changed:  resources/public/js/compiled/out/cljs_deps.js
notifying browser that file changed:  out/frontend/views.js
[0mCompiling "resources/public/js/compiled/app.js" from ["src/cljs"]...[0m
[32mSuccessfully compiled "resources/public/js/compiled/app.js" in 0.758 seconds.[0m
notifying browser that file changed:  resources/public/js/compiled/out/cljs_deps.js
notifying browser that file changed:  out/frontend/views.js
[0mCompiling "resources/public/js/compiled/app.js" from ["src/cljs"]...[0m
[32mSuccessfully compiled "resources/public/js/compiled/app.js" in 0.894 seconds.[0m
notifying browser that file changed:  resources/public/js/compiled/out/cljs_deps.js
notifying browser that file changed:  out/frontend/events.js
[0mCompiling "resources/public/js/compiled/app.js" from ["src/cljs"]...[0m
[32mSuccessfully compiled "resources/public/js/compiled/app.js" in 0.682 seconds.[0m
notifying browser that file changed:  resources/public/js/compiled/out/cljs_deps.js
notifying browser that file changed:  out/frontend/events.js
[0mCompiling "resources/public/js/compiled/app.js" from ["src/cljs"]...[0m
[32mSuccessfully compiled "resources/public/js/compiled/app.js" in 1.067 seconds.[0m
notifying browser that file changed:  resources/public/js/compiled/out/cljs_deps.js
notifying browser that file changed:  out/frontend/db.js
[0mCompiling "resources/public/js/compiled/app.js" from ["src/cljs"]...[0m
[32mSuccessfully compiled "resources/public/js/compiled/app.js" in 0.667 seconds.[0m
notifying browser that file changed:  resources/public/js/compiled/out/cljs_deps.js
notifying browser that file changed:  out/frontend/db.js
[0mCompiling "resources/public/js/compiled/app.js" from ["src/cljs"]...[0m
[32mSuccessfully compiled "resources/public/js/compiled/app.js" in 0.52 seconds.[0m
notifying browser that file changed:  resources/public/js/compiled/out/cljs_deps.js
notifying browser that file changed:  out/frontend/db.js
[0mCompiling "resources/public/js/compiled/app.js" from ["src/cljs"]...[0m
[32mSuccessfully compiled "resources/public/js/compiled/app.js" in 0.59 seconds.[0m
notifying browser that file changed:  resources/public/js/compiled/out/cljs_deps.js
notifying browser that file changed:  out/frontend/subs.js
[0mCompiling "resources/public/js/compiled/app.js" from ["src/cljs"]...[0m
[32mSuccessfully compiled "resources/public/js/compiled/app.js" in 1.018 seconds.[0m
notifying browser that file changed:  resources/public/js/compiled/out/cljs_deps.js
notifying browser that file changed:  out/frontend/subs.js
[0mCompiling "resources/public/js/compiled/app.js" from ["src/cljs"]...[0m
[32mSuccessfully compiled "resources/public/js/compiled/app.js" in 0.453 seconds.[0m
notifying browser that file changed:  resources/public/js/compiled/out/cljs_deps.js
notifying browser that file changed:  out/frontend/subs.js
[0mCompiling "resources/public/js/compiled/app.js" from ["src/cljs"]...[0m
[32mSuccessfully compiled "resources/public/js/compiled/app.js" in 0.692 seconds.[0m
notifying browser that file changed:  resources/public/js/compiled/out/cljs_deps.js
notifying browser that file changed:  out/frontend/views.js
[0mCompiling "resources/public/js/compiled/app.js" from ["src/cljs"]...[0m
[32mSuccessfully compiled "resources/public/js/compiled/app.js" in 0.665 seconds.[0m
notifying browser that file changed:  resources/public/js/compiled/out/cljs_deps.js
notifying browser that file changed:  out/frontend/views.js
[0mCompiling "resources/public/js/compiled/app.js" from ["src/cljs"]...[0m
[31mFailed to compile "resources/public/js/compiled/app.js" in 0.323 seconds.[0m
[36m----  Could not Analyze  src/cljs/frontend/views.cljs   line:53  column:15  ----[0m

  [1mWrong number of args (1) passed to: core/for[0m

  [36m51[0m  [36m                    y (range y-dimension)][0m
  [36m52[0m  [36m                 ^{:key [x y]} [tile x y @tile-size]))[0m
  [33m53[0m  [1m       (doall (for []))]))[0m
  [0m  [0m  [33m              ^--- Wrong number of args (1) passed to: core/for[0m
  [36m54[0m  [36m[0m
  [36m55[0m  [36m[0m
  [36m56[0m  [36m;; home[0m

[36m----  Analysis Error : Please see src/cljs/frontend/views.cljs  ----[0m
[0mCompiling "resources/public/js/compiled/app.js" from ["src/cljs"]...[0m
[31mFailed to compile "resources/public/js/compiled/app.js" in 0.334 seconds.[0m
[36m----  Could not Analyze  src/cljs/frontend/views.cljs   line:54  column:15  ----[0m

  [1mWrong number of args (1) passed to: core/for[0m

  [36m52[0m  [36m                    y (range y-dimension)][0m
  [36m53[0m  [36m                 ^{:key [x y]} [tile x y @tile-size]))[0m
  [33m54[0m  [1m       (doall (for []))]))[0m
  [0m  [0m  [33m              ^--- Wrong number of args (1) passed to: core/for[0m
  [36m55[0m  [36m[0m
  [36m56[0m  [36m[0m
  [36m57[0m  [36m;; home[0m

[36m----  Analysis Error : Please see src/cljs/frontend/views.cljs  ----[0m
[0mCompiling "resources/public/js/compiled/app.js" from ["src/cljs"]...[0m
[32mSuccessfully compiled "resources/public/js/compiled/app.js" in 0.705 seconds.[0m
notifying browser that file changed:  resources/public/js/compiled/out/cljs_deps.js
notifying browser that file changed:  out/frontend/views.js
[0mCompiling "resources/public/js/compiled/app.js" from ["src/cljs"]...[0m
[32mSuccessfully compiled "resources/public/js/compiled/app.js" in 0.85 seconds.[0m
notifying browser that file changed:  resources/public/js/compiled/out/cljs_deps.js
notifying browser that file changed:  out/frontend/views.js
[0mCompiling "resources/public/js/compiled/app.js" from ["src/cljs"]...[0m
[31mFailed to compile "resources/public/js/compiled/app.js" in 0.728 seconds.[0m
[36m----  Could not Read  src/cljs/frontend/views.cljs   line:57  column:118  ----[0m

  [1mUnmatched delimiter ][0m

  [36m55[0m  [36m                    :let [index (first building-indexed)[0m
  [36m56[0m  [36m                          building (second building-indexed)]][0m
  [33m57[0m  [1m                ^{:key (first building)} [building-disp (:corner-points (secondbuilding) (:type building) @tile-size]))]))[0m
  [0m  [0m  [33m                                                                                                                     ^--- Unmatched delimiter ][0m
  [36m58[0m  [36m[0m
  [36m59[0m  [36m[0m
  [36m60[0m  [36m;; home[0m

[36m----  Reader Error : Please see src/cljs/frontend/views.cljs  ----[0m
[0mCompiling "resources/public/js/compiled/app.js" from ["src/cljs"]...[0m
[32mSuccessfully compiled "resources/public/js/compiled/app.js" in 1.061 seconds.[0m
notifying browser that file changed:  resources/public/js/compiled/out/cljs_deps.js
notifying browser that file changed:  out/frontend/views.js
[0mCompiling "resources/public/js/compiled/app.js" from ["src/cljs"]...[0m
[32mSuccessfully compiled "resources/public/js/compiled/app.js" in 0.93 seconds.[0m
notifying browser that file changed:  resources/public/js/compiled/out/cljs_deps.js
notifying browser that file changed:  out/frontend/db.js
[0mCompiling "resources/public/js/compiled/app.js" from ["src/cljs"]...[0m
[32mSuccessfully compiled "resources/public/js/compiled/app.js" in 3.586 seconds.[0m
notifying browser that file changed:  resources/public/js/compiled/out/goog/deps.js
notifying browser that file changed:  resources/public/js/compiled/out/cljs_deps.js
notifying browser that file changed:  out/frontend/views.js
[0mCompiling "resources/public/js/compiled/app.js" from ["src/cljs"]...[0m
[32mSuccessfully compiled "resources/public/js/compiled/app.js" in 0.736 seconds.[0m
notifying browser that file changed:  resources/public/js/compiled/out/cljs_deps.js
notifying browser that file changed:  out/frontend/views.js
[0mCompiling "resources/public/js/compiled/app.js" from ["src/cljs"]...[0m
[32mSuccessfully compiled "resources/public/js/compiled/app.js" in 0.77 seconds.[0m
notifying browser that file changed:  resources/public/js/compiled/out/cljs_deps.js
notifying browser that file changed:  out/frontend/views.js
[0mCompiling "resources/public/js/compiled/app.js" from ["src/cljs"]...[0m
[32mSuccessfully compiled "resources/public/js/compiled/app.js" in 0.657 seconds.[0m
notifying browser that file changed:  resources/public/js/compiled/out/cljs_deps.js
notifying browser that file changed:  out/frontend/events.js
[0mCompiling "resources/public/js/compiled/app.js" from ["src/cljs"]...[0m
[32mSuccessfully compiled "resources/public/js/compiled/app.js" in 0.465 seconds.[0m
notifying browser that file changed:  resources/public/js/compiled/out/cljs_deps.js
notifying browser that file changed:  out/frontend/db.js
[0mCompiling "resources/public/js/compiled/app.js" from ["src/cljs"]...[0m
[32mSuccessfully compiled "resources/public/js/compiled/app.js" in 0.708 seconds.[0m
notifying browser that file changed:  resources/public/js/compiled/out/cljs_deps.js
notifying browser that file changed:  out/frontend/subs.js
[0mCompiling "resources/public/js/compiled/app.js" from ["src/cljs"]...[0m
[32mSuccessfully compiled "resources/public/js/compiled/app.js" in 0.685 seconds.[0m
notifying browser that file changed:  resources/public/js/compiled/out/cljs_deps.js
notifying browser that file changed:  out/frontend/events.js
[0mCompiling "resources/public/js/compiled/app.js" from ["src/cljs"]...[0m
[32mSuccessfully compiled "resources/public/js/compiled/app.js" in 0.841 seconds.[0m
notifying browser that file changed:  resources/public/js/compiled/out/cljs_deps.js
notifying browser that file changed:  out/frontend/events.js
[0mCompiling "resources/public/js/compiled/app.js" from ["src/cljs"]...[0m
[36m----  Compiler Warning on   src/cljs/frontend/events.cljs   line:28  column:21  ----[0m

  [1mUse of undeclared Var frontend.events/modes[0m

  [36m25[0m  [36m(re-frame/reg-event-db[0m
  [36m26[0m  [36m  :switch-mode[0m
  [36m27[0m  [36m  (fn [db [_ new-mode]][0m
  [33m28[0m  [1m    (if (contains? (modes (:mode db)) new-mode)[0m
  [0m  [0m  [33m                    ^--- Use of undeclared Var frontend.events/modes[0m
  [36m29[0m  [36m      (assoc db :mode new-mode)[0m
  [36m30[0m  [36m      db)))[0m

[36m----  Compiler Warning : Please see src/cljs/frontend/events.cljs  ----[0m
[32mSuccessfully compiled "resources/public/js/compiled/app.js" in 0.766 seconds.[0m
notifying browser that file changed:  resources/public/js/compiled/out/cljs_deps.js
notifying browser that file changed:  out/frontend/events.js
[0mCompiling "resources/public/js/compiled/app.js" from ["src/cljs"]...[0m
[36m----  Compiler Warning on   src/cljs/frontend/events.cljs   line:28  column:21  ----[0m

  [1mUse of undeclared Var frontend.events/modes[0m

  [36m25[0m  [36m(re-frame/reg-event-db[0m
  [36m26[0m  [36m  :switch-mode[0m
  [36m27[0m  [36m  (fn [db [_ new-mode]][0m
  [33m28[0m  [1m    (if (contains? (modes (:mode db)) new-mode)[0m
  [0m  [0m  [33m                    ^--- Use of undeclared Var frontend.events/modes[0m
  [36m29[0m  [36m      (assoc db :mode new-mode)[0m
  [36m30[0m  [36m      db)))[0m

[36m----  Compiler Warning : Please see src/cljs/frontend/events.cljs  ----[0m
[32mSuccessfully compiled "resources/public/js/compiled/app.js" in 0.557 seconds.[0m
notifying browser that file changed:  resources/public/js/compiled/out/cljs_deps.js
notifying browser that file changed:  out/frontend/db.js
[0mCompiling "resources/public/js/compiled/app.js" from ["src/cljs"]...[0m
[32mSuccessfully compiled "resources/public/js/compiled/app.js" in 0.601 seconds.[0m
notifying browser that file changed:  resources/public/js/compiled/out/cljs_deps.js
notifying browser that file changed:  out/frontend/events.js
[0mCompiling "resources/public/js/compiled/app.js" from ["src/cljs"]...[0m
[32mSuccessfully compiled "resources/public/js/compiled/app.js" in 1.113 seconds.[0m
notifying browser that file changed:  resources/public/js/compiled/out/cljs_deps.js
notifying browser that file changed:  out/frontend/views.js
[0mCompiling "resources/public/js/compiled/app.js" from ["src/cljs"]...[0m
[32mSuccessfully compiled "resources/public/js/compiled/app.js" in 1.141 seconds.[0m
notifying browser that file changed:  resources/public/js/compiled/out/cljs_deps.js
notifying browser that file changed:  out/frontend/views.js
[0mCompiling "resources/public/js/compiled/app.js" from ["src/cljs"]...[0m
[32mSuccessfully compiled "resources/public/js/compiled/app.js" in 1.206 seconds.[0m
notifying browser that file changed:  resources/public/js/compiled/out/cljs_deps.js
notifying browser that file changed:  out/frontend/views.js
[0mCompiling "resources/public/js/compiled/app.js" from ["src/cljs"]...[0m
[32mSuccessfully compiled "resources/public/js/compiled/app.js" in 0.903 seconds.[0m
notifying browser that file changed:  resources/public/js/compiled/out/cljs_deps.js
notifying browser that file changed:  out/frontend/db.js
[0mCompiling "resources/public/js/compiled/app.js" from ["src/cljs"]...[0m
[32mSuccessfully compiled "resources/public/js/compiled/app.js" in 0.604 seconds.[0m
notifying browser that file changed:  resources/public/js/compiled/out/cljs_deps.js
notifying browser that file changed:  out/frontend/subs.js
[0mCompiling "resources/public/js/compiled/app.js" from ["src/cljs"]...[0m
[32mSuccessfully compiled "resources/public/js/compiled/app.js" in 0.956 seconds.[0m
notifying browser that file changed:  resources/public/js/compiled/out/cljs_deps.js
notifying browser that file changed:  out/frontend/db.js
[0mCompiling "resources/public/js/compiled/app.js" from ["src/cljs"]...[0m
[32mSuccessfully compiled "resources/public/js/compiled/app.js" in 0.763 seconds.[0m
notifying browser that file changed:  resources/public/js/compiled/out/cljs_deps.js
notifying browser that file changed:  out/frontend/db.js
[0mCompiling "resources/public/js/compiled/app.js" from ["src/cljs"]...[0m
[32mSuccessfully compiled "resources/public/js/compiled/app.js" in 0.886 seconds.[0m
notifying browser that file changed:  resources/public/js/compiled/out/cljs_deps.js
notifying browser that file changed:  out/frontend/events.js
[0mCompiling "resources/public/js/compiled/app.js" from ["src/cljs"]...[0m
[32mSuccessfully compiled "resources/public/js/compiled/app.js" in 0.99 seconds.[0m
notifying browser that file changed:  resources/public/js/compiled/out/cljs_deps.js
notifying browser that file changed:  out/frontend/events.js
[0mCompiling "resources/public/js/compiled/app.js" from ["src/cljs"]...[0m
[32mSuccessfully compiled "resources/public/js/compiled/app.js" in 0.995 seconds.[0m
notifying browser that file changed:  resources/public/js/compiled/out/cljs_deps.js
notifying browser that file changed:  out/frontend/events.js
[0mCompiling "resources/public/js/compiled/app.js" from ["src/cljs"]...[0m
[32mSuccessfully compiled "resources/public/js/compiled/app.js" in 0.902 seconds.[0m
notifying browser that file changed:  resources/public/js/compiled/out/cljs_deps.js
notifying browser that file changed:  out/frontend/events.js
[0mCompiling "resources/public/js/compiled/app.js" from ["src/cljs"]...[0m
[32mSuccessfully compiled "resources/public/js/compiled/app.js" in 0.81 seconds.[0m
notifying browser that file changed:  resources/public/js/compiled/out/cljs_deps.js
notifying browser that file changed:  out/frontend/events.js
[0mCompiling "resources/public/js/compiled/app.js" from ["src/cljs"]...[0m
[32mSuccessfully compiled "resources/public/js/compiled/app.js" in 0.852 seconds.[0m
notifying browser that file changed:  resources/public/js/compiled/out/cljs_deps.js
notifying browser that file changed:  out/frontend/events.js
[0mCompiling "resources/public/js/compiled/app.js" from ["src/cljs"]...[0m
[32mSuccessfully compiled "resources/public/js/compiled/app.js" in 1.112 seconds.[0m
notifying browser that file changed:  resources/public/js/compiled/out/cljs_deps.js
notifying browser that file changed:  out/frontend/events.js
[0mCompiling "resources/public/js/compiled/app.js" from ["src/cljs"]...[0m
[32mSuccessfully compiled "resources/public/js/compiled/app.js" in 0.923 seconds.[0m
notifying browser that file changed:  resources/public/js/compiled/out/cljs_deps.js
notifying browser that file changed:  out/frontend/events.js
[0mCompiling "resources/public/js/compiled/app.js" from ["src/cljs"]...[0m
[31mFailed to compile "resources/public/js/compiled/app.js" in 0.595 seconds.[0m
[36m----  Could not Read  src/cljs/frontend/views.cljs   line:24  column:41  ----[0m

  [1mMap literal must contain an even number of forms[0m

  [36m22[0m  [36m                 :width "40px"[0m
  [36m23[0m  [36m                 :height "40px"[0m
  [33m24[0m  [1m                 :background-color }[0m
  [0m  [0m  [33m                                    ^--- Map literal must contain an even number of forms[0m
  [36m25[0m  [36m         :on-click #(re-frame/dispatch [:switch-mode :build])}[0m
  [36m26[0m  [36m"build"]])[0m

[36m----  Reader Error : Please see src/cljs/frontend/views.cljs  ----[0m
[0mCompiling "resources/public/js/compiled/app.js" from ["src/cljs"]...[0m
[32mSuccessfully compiled "resources/public/js/compiled/app.js" in 1.052 seconds.[0m
notifying browser that file changed:  resources/public/js/compiled/out/cljs_deps.js
notifying browser that file changed:  out/frontend/views.js
[0mCompiling "resources/public/js/compiled/app.js" from ["src/cljs"]...[0m
[32mSuccessfully compiled "resources/public/js/compiled/app.js" in 0.661 seconds.[0m
notifying browser that file changed:  resources/public/js/compiled/out/cljs_deps.js
notifying browser that file changed:  out/frontend/views.js
[0mCompiling "resources/public/js/compiled/app.js" from ["src/cljs"]...[0m
[32mSuccessfully compiled "resources/public/js/compiled/app.js" in 0.435 seconds.[0m
notifying browser that file changed:  resources/public/js/compiled/out/cljs_deps.js
notifying browser that file changed:  out/frontend/views.js
[0mCompiling "resources/public/js/compiled/app.js" from ["src/cljs"]...[0m
[32mSuccessfully compiled "resources/public/js/compiled/app.js" in 0.59 seconds.[0m
notifying browser that file changed:  resources/public/js/compiled/out/cljs_deps.js
notifying browser that file changed:  out/frontend/db.js
[0mCompiling "resources/public/js/compiled/app.js" from ["src/cljs"]...[0m
[31mFailed to compile "resources/public/js/compiled/app.js" in 0.351 seconds.[0m
[36m----  Could not Analyze  src/cljs/frontend/events.cljs   line:55  column:5  ----[0m

  [1mToo few arguments to if at line 55 /Users/mago/mmosg/frontend/src/cljs/frontend/events.cljs[0m

  [36m53[0m  [36m:select[0m
  [36m54[0m  [36m(fn [db [_ x-index y-index]][0m
  [33m55[0m  [1m  (if (= (:mode db) :build)[0m
  [0m  [0m  [33m  ^--- Too few arguments to if at line 55 /Users/mago/mmosg/frontend/src/cljs/frontend/events.cljs[0m
  [36m56[0m  [36m    )))[0m

[36m----  Analysis Error : Please see src/cljs/frontend/events.cljs  ----[0m
[0mCompiling "resources/public/js/compiled/app.js" from ["src/cljs"]...[0m
[32mSuccessfully compiled "resources/public/js/compiled/app.js" in 0.581 seconds.[0m
notifying browser that file changed:  resources/public/js/compiled/out/cljs_deps.js
notifying browser that file changed:  out/frontend/events.js
[0mCompiling "resources/public/js/compiled/app.js" from ["src/cljs"]...[0m
[36m----  Compiler Warning on   src/cljs/frontend/events.cljs   line:58  column:1  ----[0m

  [1mWrong number of args (1) passed to re-frame.core/reg-event-db[0m

  [36m54[0m  [36m  (fn [db [_ x-index y-index]][0m
  [36m55[0m  [36m    (if (= (:mode db) :build)[0m
  [36m56[0m  [36m      (re-frame/dispatch [:update-new-building x-index y-index]))))[0m
  [36m57[0m  [36m[0m
  [33m58[0m  [1m(re-frame/reg-event-db[0m
  [0m  [0m  [33m^--- Wrong number of args (1) passed to re-frame.core/reg-event-db[0m
  [36m59[0m  [36m  :de-select)[0m

[36m----  Compiler Warning : Please see src/cljs/frontend/events.cljs  ----[0m
[32mSuccessfully compiled "resources/public/js/compiled/app.js" in 0.5 seconds.[0m
notifying browser that file changed:  resources/public/js/compiled/out/cljs_deps.js
notifying browser that file changed:  out/frontend/events.js
[0mCompiling "resources/public/js/compiled/app.js" from ["src/cljs"]...[0m
[32mSuccessfully compiled "resources/public/js/compiled/app.js" in 0.575 seconds.[0m
notifying browser that file changed:  resources/public/js/compiled/out/cljs_deps.js
notifying browser that file changed:  out/frontend/views.js
[0mCompiling "resources/public/js/compiled/app.js" from ["src/cljs"]...[0m
[32mSuccessfully compiled "resources/public/js/compiled/app.js" in 0.623 seconds.[0m
notifying browser that file changed:  resources/public/js/compiled/out/cljs_deps.js
notifying browser that file changed:  out/frontend/events.js
[0mCompiling "resources/public/js/compiled/app.js" from ["src/cljs"]...[0m
[32mSuccessfully compiled "resources/public/js/compiled/app.js" in 0.569 seconds.[0m
notifying browser that file changed:  resources/public/js/compiled/out/cljs_deps.js
notifying browser that file changed:  out/frontend/views.js
[0mCompiling "resources/public/js/compiled/app.js" from ["src/cljs"]...[0m
[32mSuccessfully compiled "resources/public/js/compiled/app.js" in 0.543 seconds.[0m
notifying browser that file changed:  resources/public/js/compiled/out/cljs_deps.js
notifying browser that file changed:  out/frontend/views.js
[0mCompiling "resources/public/js/compiled/app.js" from ["src/cljs"]...[0m
[31mFailed to compile "resources/public/js/compiled/app.js" in 0.355 seconds.[0m
[36m----  Could not Analyze  src/cljs/frontend/views.cljs   line:71  column:8  ----[0m

  [1mToo few arguments to if at line 71 src/cljs/frontend/views.cljs[0m

  [36m69[0m  [36m                   building (second building-indexed)]][0m
  [36m70[0m  [36m         ^{:key index} [building-disp (:corner-points building) (:type building) @tile-size]))[0m
  [33m71[0m  [1m(if (> (count (:corner-points @new-building)) 2)[0m
  [0m  [0m  [33m^--- Too few arguments to if at line 71 src/cljs/frontend/views.cljs[0m
  [36m72[0m  [36m  )]))[0m

[36m----  Analysis Error : Please see src/cljs/frontend/views.cljs  ----[0m
[0mCompiling "resources/public/js/compiled/app.js" from ["src/cljs"]...[0m
[32mSuccessfully compiled "resources/public/js/compiled/app.js" in 0.685 seconds.[0m
notifying browser that file changed:  resources/public/js/compiled/out/cljs_deps.js
notifying browser that file changed:  out/frontend/views.js
[0mCompiling "resources/public/js/compiled/app.js" from ["src/cljs"]...[0m
[32mSuccessfully compiled "resources/public/js/compiled/app.js" in 1.064 seconds.[0m
notifying browser that file changed:  resources/public/js/compiled/out/cljs_deps.js
notifying browser that file changed:  out/frontend/views.js
[0mCompiling "resources/public/js/compiled/app.js" from ["src/cljs"]...[0m
[32mSuccessfully compiled "resources/public/js/compiled/app.js" in 1.246 seconds.[0m
notifying browser that file changed:  resources/public/js/compiled/out/cljs_deps.js
notifying browser that file changed:  out/frontend/views.js
[0mCompiling "resources/public/js/compiled/app.js" from ["src/cljs"]...[0m
[32mSuccessfully compiled "resources/public/js/compiled/app.js" in 1.134 seconds.[0m
notifying browser that file changed:  resources/public/js/compiled/out/cljs_deps.js
notifying browser that file changed:  out/frontend/views.js
[0mCompiling "resources/public/js/compiled/app.js" from ["src/cljs"]...[0m
[32mSuccessfully compiled "resources/public/js/compiled/app.js" in 0.639 seconds.[0m
notifying browser that file changed:  resources/public/js/compiled/out/cljs_deps.js
notifying browser that file changed:  out/frontend/events.js
[0mCompiling "resources/public/js/compiled/app.js" from ["src/cljs"]...[0m
[32mSuccessfully compiled "resources/public/js/compiled/app.js" in 0.482 seconds.[0m
notifying browser that file changed:  resources/public/js/compiled/out/cljs_deps.js
notifying browser that file changed:  out/frontend/events.js
[0mCompiling "resources/public/js/compiled/app.js" from ["src/cljs"]...[0m
[32mSuccessfully compiled "resources/public/js/compiled/app.js" in 0.678 seconds.[0m
notifying browser that file changed:  resources/public/js/compiled/out/cljs_deps.js
notifying browser that file changed:  out/frontend/events.js
[0mCompiling "resources/public/js/compiled/app.js" from ["src/cljs"]...[0m
[32mSuccessfully compiled "resources/public/js/compiled/app.js" in 0.569 seconds.[0m
notifying browser that file changed:  resources/public/js/compiled/out/cljs_deps.js
notifying browser that file changed:  out/frontend/events.js
[0mCompiling "resources/public/js/compiled/app.js" from ["src/cljs"]...[0m
[32mSuccessfully compiled "resources/public/js/compiled/app.js" in 0.531 seconds.[0m
notifying browser that file changed:  resources/public/js/compiled/out/cljs_deps.js
notifying browser that file changed:  out/frontend/events.js
[0mCompiling "resources/public/js/compiled/app.js" from ["src/cljs"]...[0m
[32mSuccessfully compiled "resources/public/js/compiled/app.js" in 1.132 seconds.[0m
notifying browser that file changed:  resources/public/js/compiled/out/cljs_deps.js
notifying browser that file changed:  out/frontend/events.js
[0mCompiling "resources/public/js/compiled/app.js" from ["src/cljs"]...[0m
[31mFailed to compile "resources/public/js/compiled/app.js" in 0.525 seconds.[0m
[36m----  Could not Analyze  src/cljs/frontend/core.cljs  ----[0m

  [1mNo such namespace: re-frisk.core, could not locate re_frisk/core.cljs, re_frisk/core.cljc, or Closure namespace "re-frisk.core" [0m

[36m----  Analysis Error : Please see src/cljs/frontend/core.cljs  ----[0m
[0mCompiling "resources/public/js/compiled/app.js" from ["src/cljs"]...[0m
[31mFailed to compile "resources/public/js/compiled/app.js" in 0.487 seconds.[0m
[36m----  Could not Analyze  src/cljs/frontend/core.cljs  ----[0m

  [1mNo such namespace: re-frisk.core, could not locate re_frisk/core.cljs, re_frisk/core.cljc, or Closure namespace "re-frisk.core" [0m

[36m----  Analysis Error : Please see src/cljs/frontend/core.cljs  ----[0m
[0mCompiling "resources/public/js/compiled/app.js" from ["src/cljs"]...[0m
[32mSuccessfully compiled "resources/public/js/compiled/app.js" in 1.295 seconds.[0m
notifying browser that file changed:  resources/public/js/compiled/out/goog/deps.js
notifying browser that file changed:  resources/public/js/compiled/out/cljs_deps.js
notifying browser that file changed:  out/frontend/events.js
[0mCompiling "resources/public/js/compiled/app.js" from ["src/cljs"]...[0m
[32mSuccessfully compiled "resources/public/js/compiled/app.js" in 1.16 seconds.[0m
notifying browser that file changed:  resources/public/js/compiled/out/cljs_deps.js
notifying browser that file changed:  out/frontend/events.js
[0mCompiling "resources/public/js/compiled/app.js" from ["src/cljs"]...[0m
[32mSuccessfully compiled "resources/public/js/compiled/app.js" in 1.155 seconds.[0m
notifying browser that file changed:  resources/public/js/compiled/out/cljs_deps.js
notifying browser that file changed:  out/frontend/events.js
[0mCompiling "resources/public/js/compiled/app.js" from ["src/cljs"]...[0m
[32mSuccessfully compiled "resources/public/js/compiled/app.js" in 1.085 seconds.[0m
notifying browser that file changed:  resources/public/js/compiled/out/cljs_deps.js
notifying browser that file changed:  out/frontend/events.js
[0mCompiling "resources/public/js/compiled/app.js" from ["src/cljs"]...[0m
[32mSuccessfully compiled "resources/public/js/compiled/app.js" in 2.16 seconds.[0m
notifying browser that file changed:  resources/public/js/compiled/out/cljs_deps.js
notifying browser that file changed:  out/frontend/events.js
[0mCompiling "resources/public/js/compiled/app.js" from ["src/cljs"]...[0m
[32mSuccessfully compiled "resources/public/js/compiled/app.js" in 1.389 seconds.[0m
notifying browser that file changed:  resources/public/js/compiled/out/cljs_deps.js
notifying browser that file changed:  out/frontend/events.js
[0mCompiling "resources/public/js/compiled/app.js" from ["src/cljs"]...[0m
[32mSuccessfully compiled "resources/public/js/compiled/app.js" in 1.515 seconds.[0m
notifying browser that file changed:  resources/public/js/compiled/out/cljs_deps.js
notifying browser that file changed:  out/frontend/events.js
[0mCompiling "resources/public/js/compiled/app.js" from ["src/cljs"]...[0m
[32mSuccessfully compiled "resources/public/js/compiled/app.js" in 1.035 seconds.[0m
notifying browser that file changed:  resources/public/js/compiled/out/cljs_deps.js
notifying browser that file changed:  out/frontend/events.js
[0mCompiling "resources/public/js/compiled/app.js" from ["src/cljs"]...[0m
[32mSuccessfully compiled "resources/public/js/compiled/app.js" in 1.731 seconds.[0m
notifying browser that file changed:  resources/public/js/compiled/out/cljs_deps.js
notifying browser that file changed:  out/frontend/views.js
[0mCompiling "resources/public/js/compiled/app.js" from ["src/cljs"]...[0m
[32mSuccessfully compiled "resources/public/js/compiled/app.js" in 4.052 seconds.[0m
notifying browser that file changed:  resources/public/js/compiled/out/cljs_deps.js
notifying browser that file changed:  out/frontend/events.js
[0mCompiling "resources/public/js/compiled/app.js" from ["src/cljs"]...[0m
[32mSuccessfully compiled "resources/public/js/compiled/app.js" in 1.039 seconds.[0m
notifying browser that file changed:  resources/public/js/compiled/out/goog/deps.js
notifying browser that file changed:  resources/public/js/compiled/out/cljs_deps.js
notifying browser that file changed:  out/frontend/events.js
[0mCompiling "resources/public/js/compiled/app.js" from ["src/cljs"]...[0m
[32mSuccessfully compiled "resources/public/js/compiled/app.js" in 0.545 seconds.[0m
notifying browser that file changed:  resources/public/js/compiled/out/cljs_deps.js
notifying browser that file changed:  out/frontend/events.js
[0mCompiling "resources/public/js/compiled/app.js" from ["src/cljs"]...[0m
[32mSuccessfully compiled "resources/public/js/compiled/app.js" in 1.604 seconds.[0m
notifying browser that file changed:  resources/public/js/compiled/out/goog/deps.js
notifying browser that file changed:  resources/public/js/compiled/out/cljs_deps.js
notifying browser that file changed:  out/frontend/events.js
[0mCompiling "resources/public/js/compiled/app.js" from ["src/cljs"]...[0m
[31mFailed to compile "resources/public/js/compiled/app.js" in 1.348 seconds.[0m
[36m----  Could not Read  src/cljs/frontend/views.cljs   line:51  column:69  ----[0m

  [1mUnmatched delimiter }[0m

  [36m49[0m  [36m                   :left (+ (* first-x tile-size) 1)[0m
  [36m50[0m  [36m                   :width (- (* (- second-x first-x) tile-size) 1)[0m
  [33m51[0m  [1m                   :height (- (* (- second-y first-y) tile-size) 1)}}[0m
  [0m  [0m  [33m                                                                    ^--- Unmatched delimiter }[0m
  [36m52[0m  [36m          type])[0m
  [36m53[0m  [36m[0m
  [36m54[0m  [36m;; game[0m

[36m----  Reader Error : Please see src/cljs/frontend/views.cljs  ----[0m
[0mCompiling "resources/public/js/compiled/app.js" from ["src/cljs"]...[0m
[31mFailed to compile "resources/public/js/compiled/app.js" in 0.886 seconds.[0m
[36m----  Could not Read  src/cljs/frontend/views.cljs   line:52  column:44  ----[0m

  [1mUnmatched delimiter }[0m

  [36m50[0m  [36m                   :width (- (* (- second-x first-x) tile-size) 1)[0m
  [36m51[0m  [36m                   :height (- (* (- second-y first-y) tile-size) 1)[0m
  [33m52[0m  [1m                   :background-color color}}[0m
  [0m  [0m  [33m                                           ^--- Unmatched delimiter }[0m
  [36m53[0m  [36m          type])[0m
  [36m54[0m  [36m[0m
  [36m55[0m  [36m;; game[0m

[36m----  Reader Error : Please see src/cljs/frontend/views.cljs  ----[0m
[0mCompiling "resources/public/js/compiled/app.js" from ["src/cljs"]...[0m
[31mFailed to compile "resources/public/js/compiled/app.js" in 0.79 seconds.[0m
[36m----  Could not Read  src/cljs/frontend/views.cljs   line:52  column:44  ----[0m

  [1mUnmatched delimiter }[0m

  [36m50[0m  [36m                   :width (- (* (- second-x first-x) tile-size) 1)[0m
  [36m51[0m  [36m                   :height (- (* (- second-y first-y) tile-size) 1)[0m
  [33m52[0m  [1m                   :background-color color}}[0m
  [0m  [0m  [33m                                           ^--- Unmatched delimiter }[0m
  [36m53[0m  [36m          type])[0m
  [36m54[0m  [36m[0m
  [36m55[0m  [36m;; game[0m

[36m----  Reader Error : Please see src/cljs/frontend/views.cljs  ----[0m
[0mCompiling "resources/public/js/compiled/app.js" from ["src/cljs"]...[0m
[31mFailed to compile "resources/public/js/compiled/app.js" in 0.977 seconds.[0m
[36m----  Could not Read  src/cljs/frontend/views.cljs   line:72  column:68  ----[0m

  [1mUnmatched delimiter )[0m

  [36m70[0m  [36m                   building (second building-indexed)[0m
  [36m71[0m  [36m                   type (:type building)[0m
  [33m72[0m  [1m                   corner-points (:corner-points building)])]][0m
  [0m  [0m  [33m                                                            ^--- Unmatched delimiter )[0m
  [36m73[0m  [36m         ^{:key index} [building-disp corner-points type "" @tile-size]))[0m
  [36m74[0m  [36m(if (not (zero? (count (:corner-points @new-building))))[0m
  [36m75[0m  [36m  [building-disp (:corner-points @new-building) (:type @new-building) "gray" @tile-size])]))[0m

[36m----  Reader Error : Please see src/cljs/frontend/views.cljs  ----[0m
[0mCompiling "resources/public/js/compiled/app.js" from ["src/cljs"]...[0m
[31mFailed to compile "resources/public/js/compiled/app.js" in 0.706 seconds.[0m
[36m----  Could not Read  src/cljs/frontend/views.cljs   line:73  column:80  ----[0m

  [1mUnmatched delimiter )[0m

  [36m71[0m  [36m                   type (:type building)[0m
  [36m72[0m  [36m                   corner-points (:corner-points building)][0m
  [33m73[0m  [1m         ^{:key index} [building-disp corner-points type "" @tile-size]))[0m
  [0m  [0m  [33m                                                                        ^--- Unmatched delimiter )[0m
  [36m74[0m  [36m(if (not (zero? (count (:corner-points @new-building))))[0m
  [36m75[0m  [36m  [building-disp (:corner-points @new-building) (:type @new-building) "gray" @tile-size])]))[0m

[36m----  Reader Error : Please see src/cljs/frontend/views.cljs  ----[0m
[0mCompiling "resources/public/js/compiled/app.js" from ["src/cljs"]...[0m
[32mSuccessfully compiled "resources/public/js/compiled/app.js" in 0.806 seconds.[0m
notifying browser that file changed:  resources/public/js/compiled/out/goog/deps.js
notifying browser that file changed:  resources/public/js/compiled/out/cljs_deps.js
notifying browser that file changed:  out/frontend/views.js
[0mCompiling "resources/public/js/compiled/app.js" from ["src/cljs"]...[0m
[32mSuccessfully compiled "resources/public/js/compiled/app.js" in 1.005 seconds.[0m
notifying browser that file changed:  resources/public/js/compiled/out/cljs_deps.js
notifying browser that file changed:  out/frontend/views.js
[0mCompiling "resources/public/js/compiled/app.js" from ["src/cljs"]...[0m
[32mSuccessfully compiled "resources/public/js/compiled/app.js" in 0.889 seconds.[0m
notifying browser that file changed:  resources/public/js/compiled/out/cljs_deps.js
notifying browser that file changed:  out/frontend/views.js
[0mCompiling "resources/public/js/compiled/app.js" from ["src/cljs"]...[0m
[32mSuccessfully compiled "resources/public/js/compiled/app.js" in 0.802 seconds.[0m
notifying browser that file changed:  resources/public/js/compiled/out/cljs_deps.js
notifying browser that file changed:  out/frontend/views.js
[0mCompiling "resources/public/js/compiled/app.js" from ["src/cljs"]...[0m
[32mSuccessfully compiled "resources/public/js/compiled/app.js" in 0.659 seconds.[0m
notifying browser that file changed:  resources/public/js/compiled/out/cljs_deps.js
notifying browser that file changed:  out/frontend/views.js
[0mCompiling "resources/public/js/compiled/app.js" from ["src/cljs"]...[0m
[31mFailed to compile "resources/public/js/compiled/app.js" in 0.289 seconds.[0m
[36m----  Could not Analyze  src/cljs/frontend/views.cljs   line:40  column:38  ----[0m

  [1mToo few arguments to if at line 40 src/cljs/frontend/views.cljs[0m

  [36m38[0m  [36m        :width tile-size[0m
  [36m39[0m  [36m        :height tile-size[0m
  [33m40[0m  [1m        :background-color (if )}[0m
  [0m  [0m  [33m                          ^--- Too few arguments to if at line 40 src/cljs/frontend/views.cljs[0m
  [36m41[0m  [36m:on-mouse-down #(re-frame/dispatch [:select x-index y-index])[0m
  [36m42[0m  [36m:on-mouse-over #(re-frame/dispatch [:select x-index y-index])[0m
  [36m43[0m  [36m:on-mouse-up   #(re-frame/dispatch [:de-select x-index y-index])}])[0m

[36m----  Analysis Error : Please see src/cljs/frontend/views.cljs  ----[0m
[0mCompiling "resources/public/js/compiled/app.js" from ["src/cljs"]...[0m
[31mFailed to compile "resources/public/js/compiled/app.js" in 0.279 seconds.[0m
[36m----  Could not Analyze  src/cljs/frontend/views.cljs   line:40  column:38  ----[0m

  [1mToo few arguments to if at line 40 src/cljs/frontend/views.cljs[0m

  [36m38[0m  [36m        :width tile-size[0m
  [36m39[0m  [36m        :height tile-size[0m
  [33m40[0m  [1m        :background-color (if )}[0m
  [0m  [0m  [33m                          ^--- Too few arguments to if at line 40 src/cljs/frontend/views.cljs[0m
  [36m41[0m  [36m:on-mouse-down #(re-frame/dispatch [:select x-index y-index])[0m
  [36m42[0m  [36m:on-mouse-over #(re-frame/dispatch [:select x-index y-index])[0m
  [36m43[0m  [36m:on-mouse-up   #(re-frame/dispatch [:de-select x-index y-index])}])[0m

[36m----  Analysis Error : Please see src/cljs/frontend/views.cljs  ----[0m
[0mCompiling "resources/public/js/compiled/app.js" from ["src/cljs"]...[0m
[36m----  Compiler Warning on   src/cljs/frontend/views.cljs   line:41  column:50  ----[0m

  [1mUse of undeclared Var frontend.views/selected-tile[0m

  [36m37[0m  [36m        :left (* x-index tile-size)[0m
  [36m38[0m  [36m        :width tile-size[0m
  [36m39[0m  [36m        :height tile-size[0m
  [36m40[0m  [36m        :background-color (if (and (= mode :build)[0m
  [33m41[0m  [1m                                   (= selected-tile [x-index y-index]))[0m
  [0m  [0m  [33m                                      ^--- Use of undeclared Var frontend.views/selected-tile[0m
  [36m42[0m  [36m                             "#eee"[0m
  [36m43[0m  [36m                             "")}[0m
  [36m44[0m  [36m:on-mouse-down #(re-frame/dispatch [:select x-index y-index])[0m
  [36m45[0m  [36m:on-mouse-over #(re-frame/dispatch [:select x-index y-index])[0m
  [36m46[0m  [36m:on-mouse-up   #(re-frame/dispatch [:de-select x-index y-index])}])[0m

[36m----  Compiler Warning : Please see src/cljs/frontend/views.cljs  ----[0m
[36m----  Compiler Warning on   src/cljs/frontend/views.cljs   line:41  column:50  ----[0m

  [1mUse of undeclared Var frontend.views/selected-tile[0m

  [36m37[0m  [36m        :left (* x-index tile-size)[0m
  [36m38[0m  [36m        :width tile-size[0m
  [36m39[0m  [36m        :height tile-size[0m
  [36m40[0m  [36m        :background-color (if (and (= mode :build)[0m
  [33m41[0m  [1m                                   (= selected-tile [x-index y-index]))[0m
  [0m  [0m  [33m                                      ^--- Use of undeclared Var frontend.views/selected-tile[0m
  [36m42[0m  [36m                             "#eee"[0m
  [36m43[0m  [36m                             "")}[0m
  [36m44[0m  [36m:on-mouse-down #(re-frame/dispatch [:select x-index y-index])[0m
  [36m45[0m  [36m:on-mouse-over #(re-frame/dispatch [:select x-index y-index])[0m
  [36m46[0m  [36m:on-mouse-up   #(re-frame/dispatch [:de-select x-index y-index])}])[0m

[36m----  Compiler Warning : Please see src/cljs/frontend/views.cljs  ----[0m
[31mFailed to compile "resources/public/js/compiled/app.js" in 0.346 seconds.[0m
[36m----  Could not Read  src/cljs/frontend/views.cljs   line:69  column:57  ----[0m

  [1mUnmatched delimiter )[0m

  [36m67[0m  [36m  y-dimension (second @game-dimensions)[0m
  [36m68[0m  [36m  buildings (re-frame/subscribe [:buildings])[0m
  [33m69[0m  [1m  new-building (re-frame/subscribe [:new-building)[0m
  [0m  [0m  [33m                                                  ^--- Unmatched delimiter )[0m
  [36m70[0m  [36m  mode (re-frame/subscribe [:mode])][0m
  [36m71[0m  [36m[:div {:style {:position "absolute"}}[0m
  [36m72[0m  [36m (doall (for [x (range x-dimension)[0m

[36m----  Reader Error : Please see src/cljs/frontend/views.cljs  ----[0m
[0mCompiling "resources/public/js/compiled/app.js" from ["src/cljs"]...[0m
[36m----  Compiler Warning on   src/cljs/frontend/views.cljs   line:41  column:50  ----[0m

  [1mUse of undeclared Var frontend.views/selected-tile[0m

  [36m37[0m  [36m        :left (* x-index tile-size)[0m
  [36m38[0m  [36m        :width tile-size[0m
  [36m39[0m  [36m        :height tile-size[0m
  [36m40[0m  [36m        :background-color (if (and (= mode :build)[0m
  [33m41[0m  [1m                                   (= selected-tile [x-index y-index]))[0m
  [0m  [0m  [33m                                      ^--- Use of undeclared Var frontend.views/selected-tile[0m
  [36m42[0m  [36m                             "#eee"[0m
  [36m43[0m  [36m                             "")}[0m
  [36m44[0m  [36m:on-mouse-down #(re-frame/dispatch [:select x-index y-index])[0m
  [36m45[0m  [36m:on-mouse-over #(re-frame/dispatch [:select x-index y-index])[0m
  [36m46[0m  [36m:on-mouse-up   #(re-frame/dispatch [:de-select x-index y-index])}])[0m

[36m----  Compiler Warning : Please see src/cljs/frontend/views.cljs  ----[0m
[36m----  Compiler Warning on   src/cljs/frontend/views.cljs   line:41  column:50  ----[0m

  [1mUse of undeclared Var frontend.views/selected-tile[0m

  [36m37[0m  [36m        :left (* x-index tile-size)[0m
  [36m38[0m  [36m        :width tile-size[0m
  [36m39[0m  [36m        :height tile-size[0m
  [36m40[0m  [36m        :background-color (if (and (= mode :build)[0m
  [33m41[0m  [1m                                   (= selected-tile [x-index y-index]))[0m
  [0m  [0m  [33m                                      ^--- Use of undeclared Var frontend.views/selected-tile[0m
  [36m42[0m  [36m                             "#eee"[0m
  [36m43[0m  [36m                             "")}[0m
  [36m44[0m  [36m:on-mouse-down #(re-frame/dispatch [:select x-index y-index])[0m
  [36m45[0m  [36m:on-mouse-over #(re-frame/dispatch [:select x-index y-index])[0m
  [36m46[0m  [36m:on-mouse-up   #(re-frame/dispatch [:de-select x-index y-index])}])[0m

[36m----  Compiler Warning : Please see src/cljs/frontend/views.cljs  ----[0m
[31mFailed to compile "resources/public/js/compiled/app.js" in 0.509 seconds.[0m
[36m----  Could not Read  src/cljs/frontend/views.cljs   line:69  column:57  ----[0m

  [1mUnmatched delimiter )[0m

  [36m67[0m  [36m  y-dimension (second @game-dimensions)[0m
  [36m68[0m  [36m  buildings (re-frame/subscribe [:buildings])[0m
  [33m69[0m  [1m  new-building (re-frame/subscribe [:new-building)[0m
  [0m  [0m  [33m                                                  ^--- Unmatched delimiter )[0m
  [36m70[0m  [36m  mode (re-frame/subscribe [:mode])][0m
  [36m71[0m  [36m[:div {:style {:position "absolute"}}[0m
  [36m72[0m  [36m (doall (for [x (range x-dimension)[0m

[36m----  Reader Error : Please see src/cljs/frontend/views.cljs  ----[0m
[0mCompiling "resources/public/js/compiled/app.js" from ["src/cljs"]...[0m
[36m----  Compiler Warning on   src/cljs/frontend/views.cljs   line:41  column:50  ----[0m

  [1mUse of undeclared Var frontend.views/selected-tile[0m

  [36m37[0m  [36m        :left (* x-index tile-size)[0m
  [36m38[0m  [36m        :width tile-size[0m
  [36m39[0m  [36m        :height tile-size[0m
  [36m40[0m  [36m        :background-color (if (and (= mode :build)[0m
  [33m41[0m  [1m                                   (= selected-tile [x-index y-index]))[0m
  [0m  [0m  [33m                                      ^--- Use of undeclared Var frontend.views/selected-tile[0m
  [36m42[0m  [36m                             "#eee"[0m
  [36m43[0m  [36m                             "")}[0m
  [36m44[0m  [36m:on-mouse-down #(re-frame/dispatch [:select x-index y-index])[0m
  [36m45[0m  [36m:on-mouse-over #(re-frame/dispatch [:select x-index y-index])[0m
  [36m46[0m  [36m:on-mouse-up   #(re-frame/dispatch [:de-select x-index y-index])}])[0m

[36m----  Compiler Warning : Please see src/cljs/frontend/views.cljs  ----[0m
[36m----  Compiler Warning on   src/cljs/frontend/views.cljs   line:41  column:50  ----[0m

  [1mUse of undeclared Var frontend.views/selected-tile[0m

  [36m37[0m  [36m        :left (* x-index tile-size)[0m
  [36m38[0m  [36m        :width tile-size[0m
  [36m39[0m  [36m        :height tile-size[0m
  [36m40[0m  [36m        :background-color (if (and (= mode :build)[0m
  [33m41[0m  [1m                                   (= selected-tile [x-index y-index]))[0m
  [0m  [0m  [33m                                      ^--- Use of undeclared Var frontend.views/selected-tile[0m
  [36m42[0m  [36m                             "#eee"[0m
  [36m43[0m  [36m                             "")}[0m
  [36m44[0m  [36m:on-mouse-down #(re-frame/dispatch [:select x-index y-index])[0m
  [36m45[0m  [36m:on-mouse-over #(re-frame/dispatch [:select x-index y-index])[0m
  [36m46[0m  [36m:on-mouse-up   #(re-frame/dispatch [:de-select x-index y-index])}])[0m

[36m----  Compiler Warning : Please see src/cljs/frontend/views.cljs  ----[0m
[32mSuccessfully compiled "resources/public/js/compiled/app.js" in 1.377 seconds.[0m
notifying browser that file changed:  resources/public/js/compiled/out/cljs_deps.js
notifying browser that file changed:  out/frontend/views.js
[0mCompiling "resources/public/js/compiled/app.js" from ["src/cljs"]...[0m
[32mSuccessfully compiled "resources/public/js/compiled/app.js" in 1.115 seconds.[0m
notifying browser that file changed:  resources/public/js/compiled/out/cljs_deps.js
notifying browser that file changed:  out/frontend/events.js
[0mCompiling "resources/public/js/compiled/app.js" from ["src/cljs"]...[0m
[36m----  Compiler Warning on   src/cljs/frontend/events.cljs   line:46  column:54  ----[0m

  [1mWrong number of args (2) passed to cljs.core/count[0m

  [36m42[0m  [36m    ;;(when (not (zero? (count (get-in db [:game :new-building :corner-points]))))[0m
  [36m43[0m  [36m    ;;  (re-frame/dispatch [:add-new-building-to-buildings])[0m
  [36m44[0m  [36m    ;;  (re-frame/dispatch [:reset-new-building]))[0m
  [36m45[0m  [36m    (let [corner-points-vec [:game :new-building :corner-points]][0m
  [33m46[0m  [1m      (assoc-in db (vec (conj corner-points-vec (min (count (get-in db corner-points-vec) 1)))) [x-index y-index]))))[0m
  [0m  [0m  [33m                                                     ^--- Wrong number of args (2) passed to cljs.core/count[0m
  [36m47[0m  [36m[0m
  [36m48[0m  [36m[0m
  [36m49[0m  [36m(re-frame/reg-event-db[0m
  [36m50[0m  [36m  :reset-new-building[0m
  [36m51[0m  [36m  (fn [db][0m

[36m----  Compiler Warning : Please see src/cljs/frontend/events.cljs  ----[0m
[32mSuccessfully compiled "resources/public/js/compiled/app.js" in 0.858 seconds.[0m
notifying browser that file changed:  resources/public/js/compiled/out/cljs_deps.js
notifying browser that file changed:  out/frontend/events.js
[0mCompiling "resources/public/js/compiled/app.js" from ["src/cljs"]...[0m
[32mSuccessfully compiled "resources/public/js/compiled/app.js" in 0.993 seconds.[0m
notifying browser that file changed:  resources/public/js/compiled/out/cljs_deps.js
notifying browser that file changed:  out/frontend/events.js
[0mCompiling "resources/public/js/compiled/app.js" from ["src/cljs"]...[0m
[36m----  Compiler Warning on   src/cljs/frontend/views.cljs   line:41  column:50  ----[0m

  [1mUse of undeclared Var frontend.views/selected-tile[0m

  [36m37[0m  [36m        :left (* x-index tile-size)[0m
  [36m38[0m  [36m        :width tile-size[0m
  [36m39[0m  [36m        :height tile-size[0m
  [36m40[0m  [36m        :background-color (if (and (= mode :build)[0m
  [33m41[0m  [1m                                   (= selected-tile [x-index y-index]))[0m
  [0m  [0m  [33m                                      ^--- Use of undeclared Var frontend.views/selected-tile[0m
  [36m42[0m  [36m                             "#eee"[0m
  [36m43[0m  [36m                             "")}[0m
  [36m44[0m  [36m:on-mouse-down #(re-frame/dispatch [:select x-index y-index])[0m
  [36m45[0m  [36m:on-mouse-over #(re-frame/dispatch [:hover x-index y-index])[0m
  [36m46[0m  [36m:on-mouse-up   #(re-frame/dispatch [:de-select x-index y-index])}])[0m

[36m----  Compiler Warning : Please see src/cljs/frontend/views.cljs  ----[0m
[36m----  Compiler Warning on   src/cljs/frontend/views.cljs   line:41  column:50  ----[0m

  [1mUse of undeclared Var frontend.views/selected-tile[0m

  [36m37[0m  [36m        :left (* x-index tile-size)[0m
  [36m38[0m  [36m        :width tile-size[0m
  [36m39[0m  [36m        :height tile-size[0m
  [36m40[0m  [36m        :background-color (if (and (= mode :build)[0m
  [33m41[0m  [1m                                   (= selected-tile [x-index y-index]))[0m
  [0m  [0m  [33m                                      ^--- Use of undeclared Var frontend.views/selected-tile[0m
  [36m42[0m  [36m                             "#eee"[0m
  [36m43[0m  [36m                             "")}[0m
  [36m44[0m  [36m:on-mouse-down #(re-frame/dispatch [:select x-index y-index])[0m
  [36m45[0m  [36m:on-mouse-over #(re-frame/dispatch [:hover x-index y-index])[0m
  [36m46[0m  [36m:on-mouse-up   #(re-frame/dispatch [:de-select x-index y-index])}])[0m

[36m----  Compiler Warning : Please see src/cljs/frontend/views.cljs  ----[0m
[32mSuccessfully compiled "resources/public/js/compiled/app.js" in 2.52 seconds.[0m
notifying browser that file changed:  resources/public/js/compiled/out/goog/deps.js
notifying browser that file changed:  resources/public/js/compiled/out/cljs_deps.js
notifying browser that file changed:  out/frontend/views.js
[0mCompiling "resources/public/js/compiled/app.js" from ["src/cljs"]...[0m
[32mSuccessfully compiled "resources/public/js/compiled/app.js" in 0.895 seconds.[0m
notifying browser that file changed:  resources/public/js/compiled/out/cljs_deps.js
notifying browser that file changed:  out/frontend/views.js
[0mCompiling "resources/public/js/compiled/app.js" from ["src/cljs"]...[0m
[32mSuccessfully compiled "resources/public/js/compiled/app.js" in 1.253 seconds.[0m
notifying browser that file changed:  resources/public/js/compiled/out/cljs_deps.js
notifying browser that file changed:  out/frontend/views.js
[0mCompiling "resources/public/js/compiled/app.js" from ["src/cljs"]...[0m
[32mSuccessfully compiled "resources/public/js/compiled/app.js" in 1.079 seconds.[0m
notifying browser that file changed:  resources/public/js/compiled/out/cljs_deps.js
notifying browser that file changed:  out/frontend/db.js
[0mCompiling "resources/public/js/compiled/app.js" from ["src/cljs"]...[0m
[32mSuccessfully compiled "resources/public/js/compiled/app.js" in 0.538 seconds.[0m
notifying browser that file changed:  resources/public/js/compiled/out/cljs_deps.js
notifying browser that file changed:  out/frontend/events.js
[0mCompiling "resources/public/js/compiled/app.js" from ["src/cljs"]...[0m
[32mSuccessfully compiled "resources/public/js/compiled/app.js" in 0.547 seconds.[0m
notifying browser that file changed:  resources/public/js/compiled/out/cljs_deps.js
notifying browser that file changed:  out/frontend/events.js
[0mCompiling "resources/public/js/compiled/app.js" from ["src/cljs"]...[0m
[32mSuccessfully compiled "resources/public/js/compiled/app.js" in 0.666 seconds.[0m
notifying browser that file changed:  resources/public/js/compiled/out/cljs_deps.js
notifying browser that file changed:  out/frontend/events.js
[0mCompiling "resources/public/js/compiled/app.js" from ["src/cljs"]...[0m
[32mSuccessfully compiled "resources/public/js/compiled/app.js" in 0.637 seconds.[0m
notifying browser that file changed:  resources/public/js/compiled/out/cljs_deps.js
notifying browser that file changed:  out/frontend/db.js
[0mCompiling "resources/public/js/compiled/app.js" from ["src/cljs"]...[0m
[32mSuccessfully compiled "resources/public/js/compiled/app.js" in 0.683 seconds.[0m
notifying browser that file changed:  resources/public/js/compiled/out/goog/deps.js
notifying browser that file changed:  resources/public/js/compiled/out/cljs_deps.js
notifying browser that file changed:  out/frontend/views.js
[0mCompiling "resources/public/js/compiled/app.js" from ["src/cljs"]...[0m
[32mSuccessfully compiled "resources/public/js/compiled/app.js" in 0.683 seconds.[0m
notifying browser that file changed:  resources/public/js/compiled/out/cljs_deps.js
notifying browser that file changed:  out/frontend/events.js
[0mCompiling "resources/public/js/compiled/app.js" from ["src/cljs"]...[0m
[32mSuccessfully compiled "resources/public/js/compiled/app.js" in 1.964 seconds.[0m
notifying browser that file changed:  resources/public/js/compiled/out/cljs_deps.js
notifying browser that file changed:  out/frontend/core.js
